[INFO] 21:33:22:892 unLog/(8384:8384): Soy un Logger
[INFO] 21:33:22:976 unLog/(8384:8384): Lei el valor de la CLAVE 2104, el PUERTO 4444 y el IP 127.0.0.1

[INFO] 21:33:31:106 unLog/(8384:8384): Lei las lineas asdasda

[INFO] 21:33:32:635 unLog/(8384:8384): Lei las lineas 

[INFO] 21:34:15:748 unLog/(8464:8464): Soy un Logger
[INFO] 21:34:15:754 unLog/(8464:8464): Lei el valor de la CLAVE 2104, el PUERTO 4444 y el IP 127.0.0.1

[INFO] 21:34:19:064 unLog/(8464:8464): Lei las lineas 

[INFO] 21:34:29:725 unLog/(8476:8476): Soy un Logger
[INFO] 21:34:29:734 unLog/(8476:8476): Lei el valor de la CLAVE 2104, el PUERTO 4444 y el IP 127.0.0.1

[INFO] 21:34:33:600 unLog/(8476:8476): Lei las lineas adasdadad

[INFO] 21:34:34:801 unLog/(8476:8476): Lei las lineas adadsdaa

[INFO] 21:34:41:573 unLog/(8476:8476): Lei las lineas 

[INFO] 22:15:25:336 unLog/(9941:9941): Soy un Logger
[INFO] 22:15:25:337 unLog/(9941:9941): Lei el valor de la CLAVE 2104, el PUERTO 4444 y el IP 127.0.0.1

[INFO] 22:15:57:652 unLog/(9964:9964): Soy un Logger
[INFO] 22:15:57:654 unLog/(9964:9964): Lei el valor de la CLAVE 2104, el PUERTO 4444 y el IP 127.0.0.1

[INFO] 22:16:01:967 unLog/(9964:9964): Lei las lineas faf

[INFO] 22:16:03:813 unLog/(9964:9964): Lei las lineas 

[INFO] 22:26:02:071 unLog/(10095:10095): Soy un Logger
[INFO] 22:26:02:072 unLog/(10095:10095): Lei el valor de la CLAVE 2104, el PUERTO 4444 y el IP 127.0.0.1

[INFO] 22:26:34:177 unLog/(10120:10120): Soy un Logger
[INFO] 22:26:34:178 unLog/(10120:10120): Lei el valor de la CLAVE 2104, el PUERTO 4444 y el IP 127.0.0.1

[INFO] 22:32:44:664 unLog/(10310:10310): Soy un Logger
[INFO] 22:32:44:665 unLog/(10310:10310): Lei el valor de la CLAVE 2104, el PUERTO 4444 y el IP 127.0.0.1

[INFO] 22:37:51:030 unLog/(10483:10483): Soy un Logger
[INFO] 22:37:51:031 unLog/(10483:10483): Lei el valor de la CLAVE 2104, el PUERTO 4444 y el IP 127.0.0.1

[INFO] 22:40:03:593 unLog/(10560:10560): Soy un Logger
[INFO] 22:40:03:594 unLog/(10560:10560): Lei el valor de la CLAVE 2104, el PUERTO 4444 y el IP 127.0.0.1

[INFO] 22:41:54:013 unLog/(10626:10626): Soy un Logger
[INFO] 22:41:54:016 unLog/(10626:10626): Lei el valor de la CLAVE 2104, el PUERTO 4444 y el IP 127.0.0.1

[INFO] 22:42:34:231 unLog/(10677:10677): Soy un Logger
[INFO] 22:42:34:232 unLog/(10677:10677): Lei el valor de la CLAVE 2104, el PUERTO 4444 y el IP 127.0.0.1

[INFO] 22:58:15:616 unLog/(11123:11123): Soy un Logger
[INFO] 22:58:15:618 unLog/(11123:11123): Lei el valor de la CLAVE 2104, el PUERTO 4444 y el IP 127.0.0.1

[INFO] 22:58:26:606 unLog/(11144:11144): Soy un Logger
[INFO] 22:58:26:615 unLog/(11144:11144): Lei el valor de la CLAVE 2104, el PUERTO 4444 y el IP 127.0.0.1

[INFO] 23:06:29:012 unLog/(11537:11537): Soy un Logger
[INFO] 23:06:29:014 unLog/(11537:11537): Lei el valor de la CLAVE 2104, el PUERTO 4444 y el IP 127.0.0.1

[INFO] 23:11:41:302 unLog/(11717:11717): Soy un Logger
[INFO] 23:11:41:312 unLog/(11717:11717): Lei el valor de la CLAVE 2104, el PUERTO 4444 y el IP 127.0.0.1

[INFO] 23:19:59:406 unLog/(12439:12439): Soy un Logger
[INFO] 23:19:59:407 unLog/(12439:12439): Lei el valor de la CLAVE 2104, el PUERTO 4444 y el IP 127.0.0.1

[INFO] 23:26:30:126 unLog/(12608:12608): Soy un Logger
[INFO] 23:26:30:130 unLog/(12608:12608): Lei el valor de la CLAVE 2104, el PUERTO 4444 y el IP 127.0.0.1

[INFO] 23:28:13:382 unLog/(12639:12639): Soy un Logger
[INFO] 23:28:13:384 unLog/(12639:12639): Lei el valor de la CLAVE 2104, el PUERTO 4444 y el IP 127.0.0.1

[INFO] 23:34:52:825 unLog/(12741:12741): Soy un Logger
[INFO] 23:34:52:828 unLog/(12741:12741): Lei el valor de la CLAVE 2104, el PUERTO 4444 y el IP 127.0.0.1

[INFO] 19:31:50:357 unLog/(2980:2980): Soy un Logger
[INFO] 19:31:50:361 unLog/(2980:2980): Lei el valor de la CLAVE 2104, el PUERTO 4444 y el IP 127.0.0.1

[INFO] 19:31:59:073 unLog/(2980:2980): Lei las lineas fafafafafa

[INFO] 19:32:01:555 unLog/(2980:2980): Lei las lineas 

[INFO] 19:39:34:968 unLog/(3293:3293): Soy un Logger
[INFO] 19:39:34:970 unLog/(3293:3293): Lei el valor de la CLAVE 2104, el PUERTO 4444 y el IP 127.0.0.1

[INFO] 19:39:44:612 unLog/(3293:3293): Lei las lineas estollega

[INFO] 19:39:48:647 unLog/(3293:3293): Lei las lineas egolega

[INFO] 19:39:50:846 unLog/(3293:3293): Lei las lineas 

[INFO] 19:42:34:739 unLog/(6230:6230): Soy un Logger
[INFO] 19:42:34:744 unLog/(6230:6230): Lei el valor de la CLAVE 2104, el PUERTO 4444 y el IP 127.0.0.1

[INFO] 19:42:52:622 unLog/(6651:6651): Soy un Logger
[INFO] 19:42:52:624 unLog/(6651:6651): Lei el valor de la CLAVE 2104, el PUERTO 4444 y el IP 127.0.0.1

[INFO] 19:43:00:273 unLog/(6651:6651): Lei las lineas elolega

[INFO] 19:43:02:444 unLog/(6651:6651): Lei las lineas 

[INFO] 19:43:51:389 unLog/(7870:7870): Soy un Logger
[INFO] 19:43:51:390 unLog/(7870:7870): Lei el valor de la CLAVE 2104, el PUERTO 4444 y el IP 127.0.0.1

[INFO] 19:43:58:366 unLog/(7870:7870): Lei las lineas elolega

[INFO] 19:43:58:999 unLog/(7870:7870): Lei las lineas 

[INFO] 19:44:25:161 unLog/(8197:8197): Soy un Logger
[INFO] 19:44:25:164 unLog/(8197:8197): Lei el valor de la CLAVE 2104, el PUERTO 4444 y el IP 127.0.0.1

[INFO] 19:44:51:187 unLog/(9249:9249): Soy un Logger
[INFO] 19:44:51:191 unLog/(9249:9249): Lei el valor de la CLAVE 2104, el PUERTO 4444 y el IP 127.0.0.1

[INFO] 19:45:08:478 unLog/(15037:15037): Soy un Logger
[INFO] 19:45:08:481 unLog/(15037:15037): Lei el valor de la CLAVE 2104, el PUERTO 4444 y el IP 127.0.0.1

[INFO] 19:45:17:332 unLog/(15037:15037): Lei las lineas elolega

[INFO] 19:45:19:203 unLog/(15037:15037): Lei las lineas 

[INFO] 19:45:42:481 unLog/(19350:19350): Soy un Logger
[INFO] 19:45:42:482 unLog/(19350:19350): Lei el valor de la CLAVE 2104, el PUERTO 4444 y el IP 127.0.0.1

[INFO] 19:45:54:235 unLog/(19932:19932): Soy un Logger
[INFO] 19:45:54:244 unLog/(19932:19932): Lei el valor de la CLAVE 2104, el PUERTO 4444 y el IP 127.0.0.1

[INFO] 19:46:41:129 unLog/(28066:28066): Soy un Logger
[INFO] 19:46:41:136 unLog/(28066:28066): Lei el valor de la CLAVE 2104, el PUERTO 4444 y el IP 127.0.0.1

[INFO] 19:46:48:193 unLog/(28066:28066): Lei las lineas elolea

[INFO] 19:46:53:664 unLog/(28066:28066): Lei las lineas elolea

[INFO] 19:46:55:542 unLog/(28066:28066): Lei las lineas 

[INFO] 19:49:38:753 unLog/(44088:44088): Soy un Logger
[INFO] 19:49:38:760 unLog/(44088:44088): Lei el valor de la CLAVE 2104, el PUERTO 4444 y el IP 127.0.0.1

[INFO] 19:49:52:843 unLog/(44088:44088): Lei las lineas elolea

[INFO] 19:49:54:549 unLog/(44088:44088): Lei las lineas elolea

[INFO] 19:49:57:700 unLog/(44088:44088): Lei las lineas elelelel

[INFO] 19:50:00:370 unLog/(44088:44088): Lei las lineas 

[INFO] 19:52:27:993 unLog/(58235:58235): Soy un Logger
[INFO] 19:52:27:994 unLog/(58235:58235): Lei el valor de la CLAVE 2104, el PUERTO 4444 y el IP 127.0.0.1

[INFO] 19:52:34:468 unLog/(58235:58235): Lei las lineas ñeñeñeñeñ

[INFO] 19:52:36:357 unLog/(58235:58235): Lei las lineas ñeñeñeeñeññeñ

[INFO] 19:52:42:799 unLog/(58235:58235): Lei las lineas eñpñeaelolea

[INFO] 19:52:44:759 unLog/(58235:58235): Lei las lineas 

[INFO] 19:58:52:138 unLog/(95485:95485): Soy un Logger
[INFO] 19:58:52:142 unLog/(95485:95485): Lei el valor de la CLAVE 2104, el PUERTO 4444 y el IP 127.0.0.1

[INFO] 19:59:04:892 unLog/(95485:95485): Lei las lineas 

[INFO] 20:00:18:649 unLog/(97222:97222): Soy un Logger
[INFO] 20:00:18:651 unLog/(97222:97222): Lei el valor de la CLAVE 2104, el PUERTO 4444 y el IP 127.0.0.1

[INFO] 20:00:26:438 unLog/(97222:97222): Lei las lineas llega2

[INFO] 20:00:30:345 unLog/(97222:97222): Lei las lineas llega3

[INFO] 20:00:35:174 unLog/(97222:97222): Lei las lineas llega4

[INFO] 20:00:37:019 unLog/(97222:97222): Lei las lineas 

[INFO] 20:01:15:790 unLog/(98657:98657): Soy un Logger
[INFO] 20:01:15:800 unLog/(98657:98657): Lei el valor de la CLAVE 2104, el PUERTO 4444 y el IP 127.0.0.1

[INFO] 20:01:24:657 unLog/(98657:98657): Lei las lineas llega2

[INFO] 20:01:27:553 unLog/(98657:98657): Lei las lineas llega3

[INFO] 20:01:32:605 unLog/(98657:98657): Lei las lineas llega4

[INFO] 20:01:34:377 unLog/(98657:98657): Lei las lineas 

[INFO] 20:02:27:684 unLog/(99779:99779): Soy un Logger
[INFO] 20:02:27:695 unLog/(99779:99779): Lei el valor de la CLAVE 2104, el PUERTO 4444 y el IP 127.0.0.1

[INFO] 20:02:37:588 unLog/(99779:99779): Lei las lineas llega2

[INFO] 20:02:41:368 unLog/(99779:99779): Lei las lineas llega3

[INFO] 20:02:44:826 unLog/(99779:99779): Lei las lineas llega4

[INFO] 20:02:47:078 unLog/(99779:99779): Lei las lineas 

[INFO] 20:03:35:388 unLog/(100707:100707): Soy un Logger
[INFO] 20:03:35:389 unLog/(100707:100707): Lei el valor de la CLAVE 2104, el PUERTO 4444 y el IP 127.0.0.1

[INFO] 20:03:44:398 unLog/(100707:100707): Lei las lineas llega2

[INFO] 20:03:47:442 unLog/(100707:100707): Lei las lineas llega3

[INFO] 20:03:50:457 unLog/(100707:100707): Lei las lineas llega4

[INFO] 20:03:55:876 unLog/(100707:100707): Lei las lineas 

[INFO] 20:05:05:715 unLog/(102138:102138): Soy un Logger
[INFO] 20:05:05:720 unLog/(102138:102138): Lei el valor de la CLAVE 2104, el PUERTO 4444 y el IP 127.0.0.1

[INFO] 20:05:14:348 unLog/(102138:102138): Lei las lineas llega2

[INFO] 20:05:19:053 unLog/(102138:102138): Lei las lineas llega3

[INFO] 20:05:22:976 unLog/(102138:102138): Lei las lineas llega4

[INFO] 20:05:27:480 unLog/(102138:102138): Lei las lineas 

[INFO] 20:09:27:135 unLog/(112063:112063): Soy un Logger
[INFO] 20:09:27:145 unLog/(112063:112063): Lei el valor de la CLAVE 2104, el PUERTO 4444 y el IP 127.0.0.1

[INFO] 20:09:38:802 unLog/(112063:112063): Lei las lineas llega2

[INFO] 20:09:42:013 unLog/(112063:112063): Lei las lineas llega3

[INFO] 20:09:44:984 unLog/(112063:112063): Lei las lineas llega4

[INFO] 20:09:48:460 unLog/(112063:112063): Lei las lineas 

[INFO] 20:10:23:005 unLog/(112478:112478): Soy un Logger
[INFO] 20:10:23:015 unLog/(112478:112478): Lei el valor de la CLAVE 2104, el PUERTO 4444 y el IP 127.0.0.1

[INFO] 20:10:27:443 unLog/(112478:112478): Lei las lineas llega2

[INFO] 20:10:30:171 unLog/(112478:112478): Lei las lineas llega3

[INFO] 20:10:33:809 unLog/(112478:112478): Lei las lineas 

[INFO] 20:10:58:390 unLog/(112527:112527): Soy un Logger
[INFO] 20:10:58:392 unLog/(112527:112527): Lei el valor de la CLAVE 2104, el PUERTO 4444 y el IP 127.0.0.1

[INFO] 20:11:04:299 unLog/(112527:112527): Lei las lineas llega2

[INFO] 20:11:06:152 unLog/(112527:112527): Lei las lineas llega3

[INFO] 20:11:10:728 unLog/(112527:112527): Lei las lineas llega4

[INFO] 20:11:13:457 unLog/(112527:112527): Lei las lineas 

[INFO] 20:11:38:573 unLog/(112554:112554): Soy un Logger
[INFO] 20:11:38:577 unLog/(112554:112554): Lei el valor de la CLAVE 2104, el PUERTO 4444 y el IP 127.0.0.1

[INFO] 20:11:44:572 unLog/(112554:112554): Lei las lineas llega2

[INFO] 20:11:46:522 unLog/(112554:112554): Lei las lineas llega3

[INFO] 20:11:47:876 unLog/(112554:112554): Lei las lineas 

[INFO] 20:12:13:470 unLog/(112655:112655): Soy un Logger
[INFO] 20:12:13:476 unLog/(112655:112655): Lei el valor de la CLAVE 2104, el PUERTO 4444 y el IP 127.0.0.1

[INFO] 20:12:19:349 unLog/(112655:112655): Lei las lineas llega2

[INFO] 20:12:20:946 unLog/(112655:112655): Lei las lineas llega3

[INFO] 20:12:22:275 unLog/(112655:112655): Lei las lineas 

[INFO] 20:12:34:280 unLog/(112675:112675): Soy un Logger
[INFO] 20:12:34:287 unLog/(112675:112675): Lei el valor de la CLAVE 2104, el PUERTO 4444 y el IP 127.0.0.1

[INFO] 20:12:38:313 unLog/(112675:112675): Lei las lineas llega2

[INFO] 20:12:39:729 unLog/(112675:112675): Lei las lineas llega3

[INFO] 20:12:41:164 unLog/(112675:112675): Lei las lineas 

[INFO] 20:12:58:423 unLog/(112696:112696): Soy un Logger
[INFO] 20:12:58:433 unLog/(112696:112696): Lei el valor de la CLAVE 2104, el PUERTO 4444 y el IP 127.0.0.1

[INFO] 20:13:02:977 unLog/(112696:112696): Lei las lineas llega2

[INFO] 20:13:04:596 unLog/(112696:112696): Lei las lineas llega3

[INFO] 20:13:06:908 unLog/(112696:112696): Lei las lineas llega4

[INFO] 20:13:08:682 unLog/(112696:112696): Lei las lineas llega5

[INFO] 20:13:10:482 unLog/(112696:112696): Lei las lineas 

[INFO] 20:14:59:818 unLog/(112775:112775): Soy un Logger
[INFO] 20:14:59:821 unLog/(112775:112775): Lei el valor de la CLAVE 2104, el PUERTO 4444 y el IP 127.0.0.1

[INFO] 20:15:06:491 unLog/(112775:112775): Lei las lineas llega2

[INFO] 20:15:08:095 unLog/(112775:112775): Lei las lineas llega3

[INFO] 20:15:10:706 unLog/(112775:112775): Lei las lineas llega4

[INFO] 20:15:12:527 unLog/(112775:112775): Lei las lineas 

[INFO] 20:16:15:010 unLog/(112851:112851): Soy un Logger
[INFO] 20:16:15:014 unLog/(112851:112851): Lei el valor de la CLAVE 2104, el PUERTO 4444 y el IP 127.0.0.1

[INFO] 20:16:24:415 unLog/(112851:112851): Lei las lineas llega2

[INFO] 20:16:28:289 unLog/(112851:112851): Lei las lineas llega3

[INFO] 20:16:31:191 unLog/(112851:112851): Lei las lineas llega4

[INFO] 20:16:34:072 unLog/(112851:112851): Lei las lineas 

[INFO] 20:17:49:434 unLog/(112910:112910): Soy un Logger
[INFO] 20:17:49:441 unLog/(112910:112910): Lei el valor de la CLAVE 2104, el PUERTO 4444 y el IP 127.0.0.1

[INFO] 20:17:54:313 unLog/(112910:112910): Lei las lineas llega2

[INFO] 20:17:55:962 unLog/(112910:112910): Lei las lineas llega3

[INFO] 20:17:57:522 unLog/(112910:112910): Lei las lineas llega4

[INFO] 20:18:00:788 unLog/(112910:112910): Lei las lineas 

[INFO] 20:18:35:930 unLog/(112926:112926): Soy un Logger
[INFO] 20:18:35:932 unLog/(112926:112926): Lei el valor de la CLAVE 2104, el PUERTO 4444 y el IP 127.0.0.1

[INFO] 20:18:52:235 unLog/(112949:112949): Soy un Logger
[INFO] 20:18:52:242 unLog/(112949:112949): Lei el valor de la CLAVE 2104, el PUERTO 4444 y el IP 127.0.0.1

[INFO] 20:19:01:787 unLog/(112949:112949): Lei las lineas llea2

[INFO] 20:19:03:656 unLog/(112949:112949): Lei las lineas llea3

[INFO] 20:19:06:433 unLog/(112949:112949): Lei las lineas lllea4

[INFO] 20:19:08:990 unLog/(112949:112949): Lei las lineas 

[INFO] 20:19:53:202 unLog/(113003:113003): Soy un Logger
[INFO] 20:19:53:205 unLog/(113003:113003): Lei el valor de la CLAVE 2104, el PUERTO 4444 y el IP 127.0.0.1

[INFO] 20:20:03:024 unLog/(113003:113003): Lei las lineas lwa2

[INFO] 20:20:05:370 unLog/(113003:113003): Lei las lineas lea3

[INFO] 20:20:07:095 unLog/(113003:113003): Lei las lineas lea4

[INFO] 20:20:10:851 unLog/(113003:113003): Lei las lineas lea5

[INFO] 20:20:13:210 unLog/(113003:113003): Lei las lineas 

[INFO] 20:20:55:093 unLog/(113045:113045): Soy un Logger
[INFO] 20:20:55:095 unLog/(113045:113045): Lei el valor de la CLAVE 2104, el PUERTO 4444 y el IP 127.0.0.1

[INFO] 20:21:03:053 unLog/(113045:113045): Lei las lineas lea2

[INFO] 20:21:04:589 unLog/(113045:113045): Lei las lineas lea3

[INFO] 20:21:06:706 unLog/(113045:113045): Lei las lineas lea4

[INFO] 20:21:10:854 unLog/(113045:113045): Lei las lineas lllsdskfkskfkdkfdkfk

[INFO] 20:21:13:111 unLog/(113045:113045): Lei las lineas 

[INFO] 20:21:52:328 unLog/(113100:113100): Soy un Logger
[INFO] 20:21:52:333 unLog/(113100:113100): Lei el valor de la CLAVE 2104, el PUERTO 4444 y el IP 127.0.0.1

[INFO] 20:21:57:312 unLog/(113100:113100): Lei las lineas lea2

[INFO] 20:21:58:520 unLog/(113100:113100): Lei las lineas lea3

[INFO] 20:21:59:861 unLog/(113100:113100): Lei las lineas lea4

[INFO] 20:22:01:685 unLog/(113100:113100): Lei las lineas 

[INFO] 20:23:46:278 unLog/(113136:113136): Soy un Logger
[INFO] 20:23:46:281 unLog/(113136:113136): Lei el valor de la CLAVE 2104, el PUERTO 4444 y el IP 127.0.0.1

[INFO] 20:23:51:317 unLog/(113136:113136): Lei las lineas lea2

[INFO] 20:23:52:572 unLog/(113136:113136): Lei las lineas lea3

[INFO] 20:23:54:315 unLog/(113136:113136): Lei las lineas lea4

[INFO] 20:24:01:110 unLog/(113136:113136): Lei las lineas 

